<?xml version="1.0"?>
<!DOCTYPE coverage SYSTEM "http://cobertura.sourceforge.net/xml/coverage-04.dtd">

<coverage line-rate="0.0" branch-rate="0.0" lines-covered="0" lines-valid="22" branches-covered="0" branches-valid="2" complexity="0.0" version="2.1.1" timestamp="1433144774054">
    <sources>
        <source>/Users/tim/workspace/transform-xml-maven-plugin/src/main/scala</source>
        <source>--source</source>
    </sources>
    <packages>
        <package name="nl.timmybankers.maven" line-rate="0.0" branch-rate="0.0" complexity="0.0">
            <classes>
                <class name="nl.timmybankers.maven.BlankingResolver" filename="nl/timmybankers/maven/BlankingResolver.scala" line-rate="0.0" branch-rate="1.0" complexity="0.0">
                    <methods>
                        <method name="&lt;init&gt;" signature="()V" line-rate="0.0" branch-rate="1.0" complexity="0">
                            <lines>
                                <line number="7" hits="0" branch="false"/>
                            </lines>
                        </method>
                        <method name="resolveEntity" signature="(Ljava/lang/String;Ljava/lang/String;)Lorg/xml/sax/InputSource;" line-rate="0.0" branch-rate="1.0" complexity="0">
                            <lines>
                                <line number="9" hits="0" branch="false"/>
                            </lines>
                        </method>
                    </methods>
                    <lines>
                        <line number="7" hits="0" branch="false"/>
                        <line number="9" hits="0" branch="false"/>
                    </lines>
                </class>
                <class name="nl.timmybankers.maven.TransformXmlMojo" filename="nl/timmybankers/maven/TransformXmlMojo.scala" line-rate="0.0" branch-rate="1.0" complexity="0.0">
                    <methods>
                        <method name="&lt;init&gt;" signature="()V" line-rate="0.0" branch-rate="1.0" complexity="0">
                            <lines>
                                <line number="16" hits="0" branch="false"/>
                                <line number="19" hits="0" branch="false"/>
                                <line number="21" hits="0" branch="false"/>
                                <line number="25" hits="0" branch="false"/>
                            </lines>
                        </method>
                        <method name="action" signature="()Ljava/lang/String;" line-rate="1.0" branch-rate="1.0" complexity="0">
                            <lines>
                            </lines>
                        </method>
                        <method name="execute" signature="()V" line-rate="0.0" branch-rate="1.0" complexity="0">
                            <lines>
                                <line number="28" hits="0" branch="false"/>
                                <line number="32" hits="0" branch="false"/>
                                <line number="34" hits="0" branch="false"/>
                                <line number="35" hits="0" branch="false"/>
                                <line number="36" hits="0" branch="false"/>
                                <line number="37" hits="0" branch="false"/>
                                <line number="39" hits="0" branch="false"/>
                                <line number="40" hits="0" branch="false"/>
                                <line number="46" hits="0" branch="false"/>
                                <line number="53" hits="0" branch="false"/>
                                <line number="59" hits="0" branch="false"/>
                                <line number="75" hits="0" branch="false"/>
                            </lines>
                        </method>
                        <method name="inputXmlPath" signature="()Ljava/lang/String;" line-rate="1.0" branch-rate="1.0" complexity="0">
                            <lines>
                            </lines>
                        </method>
                        <method name="inputXmlPath_$eq" signature="(Ljava/lang/String;)V" line-rate="1.0" branch-rate="1.0" complexity="0">
                            <lines>
                            </lines>
                        </method>
                        <method name="outputXmlPath" signature="()Ljava/lang/String;" line-rate="1.0" branch-rate="1.0" complexity="0">
                            <lines>
                            </lines>
                        </method>
                    </methods>
                    <lines>
                        <line number="16" hits="0" branch="false"/>
                        <line number="19" hits="0" branch="false"/>
                        <line number="21" hits="0" branch="false"/>
                        <line number="25" hits="0" branch="false"/>
                        <line number="28" hits="0" branch="false"/>
                        <line number="32" hits="0" branch="false"/>
                        <line number="34" hits="0" branch="false"/>
                        <line number="35" hits="0" branch="false"/>
                        <line number="36" hits="0" branch="false"/>
                        <line number="37" hits="0" branch="false"/>
                        <line number="39" hits="0" branch="false"/>
                        <line number="40" hits="0" branch="false"/>
                        <line number="46" hits="0" branch="false"/>
                        <line number="53" hits="0" branch="false"/>
                        <line number="59" hits="0" branch="false"/>
                        <line number="75" hits="0" branch="false"/>
                    </lines>
                </class>
                <class name="nl.timmybankers.maven.TransformXmlMojo$$anonfun$execute$1" filename="nl/timmybankers/maven/TransformXmlMojo.java" line-rate="0.0" branch-rate="0.0" complexity="0.0">
                    <methods>
                        <method name="&lt;init&gt;" signature="(Lnl/timmybankers/maven/TransformXmlMojo;Lorg/w3c/dom/NodeList;)V" line-rate="0.0" branch-rate="0.0" complexity="0">
                            <lines>
                                <line number="53" hits="0" branch="true" condition-coverage="0% (0/2)">
                                    <conditions>
                                        <condition number="0" type="jump" coverage="0%"/>
                                    </conditions>
                                </line>
                            </lines>
                        </method>
                        <method name="apply" signature="(I)Lorg/w3c/dom/Node;" line-rate="0.0" branch-rate="1.0" complexity="0">
                            <lines>
                                <line number="54" hits="0" branch="false"/>
                                <line number="55" hits="0" branch="false"/>
                                <line number="56" hits="0" branch="false"/>
                            </lines>
                        </method>
                        <method name="apply" signature="(Ljava/lang/Object;)Ljava/lang/Object;" line-rate="1.0" branch-rate="1.0" complexity="0">
                            <lines>
                            </lines>
                        </method>
                    </methods>
                    <lines>
                        <line number="53" hits="0" branch="true" condition-coverage="0% (0/2)">
                            <conditions>
                                <condition number="0" type="jump" coverage="0%"/>
                            </conditions>
                        </line>
                        <line number="54" hits="0" branch="false"/>
                        <line number="55" hits="0" branch="false"/>
                        <line number="56" hits="0" branch="false"/>
                    </lines>
                </class>
            </classes>
        </package>
    </packages>
</coverage>
